<?xml version="1.0" encoding="UTF-8"?>
<!-- Generated by org.testng.reporters.JUnitReportReporter -->
<testsuite hostname="Alexeys-MBP.lan" failures="0" tests="3" name="com.spring.springselenium.CucumberRunner" time="35.152" errors="0" timestamp="2024-09-21T22:04:12 EDT" skipped="0">
  <testcase classname="com.spring.springselenium.CucumberRunner" name="runScenario" time="14.321"/>
  <testcase classname="com.spring.springselenium.CucumberRunner" name="runScenario" time="14.321"/>
  <testcase classname="com.spring.springselenium.CucumberRunner" name="runScenario" time="6.510"/>
</testsuite> <!-- com.spring.springselenium.CucumberRunner -->
